This file contains any messages produced by compilers while
running configure, to aid debugging if configure makes a mistake.

It was created by apertium-es-ca configure 1.2.1, which was
generated by GNU Autoconf 2.68.  Invocation command line was

  $ ./configure 

## --------- ##
## Platform. ##
## --------- ##

hostname = elcampello
uname -m = i686
uname -r = 3.2.0-32-generic
uname -s = Linux
uname -v = #51-Ubuntu SMP Wed Sep 26 21:32:50 UTC 2012

/usr/bin/uname -p = unknown
/bin/uname -X     = unknown

/bin/arch              = unknown
/usr/bin/arch -k       = unknown
/usr/convex/getsysinfo = unknown
/usr/bin/hostinfo      = unknown
/bin/machine           = unknown
/usr/bin/oslevel       = unknown
/bin/universe          = unknown

PATH: /usr/lib/lightdm/lightdm
PATH: /usr/local/sbin
PATH: /usr/local/bin
PATH: /usr/sbin
PATH: /usr/bin
PATH: /sbin
PATH: /bin
PATH: /usr/games


## ----------- ##
## Core tests. ##
## ----------- ##

configure:1749: checking for a BSD-compatible install
configure:1817: result: /usr/bin/install -c
configure:1828: checking whether build environment is sane
configure:1878: result: yes
configure:2019: checking for a thread-safe mkdir -p
configure:2058: result: /bin/mkdir -p
configure:2071: checking for gawk
configure:2087: found /usr/bin/gawk
configure:2098: result: gawk
configure:2109: checking whether make sets $(MAKE)
configure:2131: result: yes
configure:2202: checking whether ln -s works
configure:2206: result: yes
configure:2217: checking for gawk
configure:2244: result: gawk
configure:2314: checking for pkg-config
configure:2332: found /usr/bin/pkg-config
configure:2344: result: /usr/bin/pkg-config
configure:2369: checking pkg-config is at least version 0.9.0
configure:2372: result: yes
configure:2384: checking for APERTIUM
configure:2391: $PKG_CONFIG --exists --print-errors "apertium-1.0 >= 1.0.0"
Package apertium-1.0 was not found in the pkg-config search path.
Perhaps you should add the directory containing `apertium-1.0.pc'
to the PKG_CONFIG_PATH environment variable
No package 'apertium-1.0' found
configure:2394: $? = 1
configure:2408: $PKG_CONFIG --exists --print-errors "apertium-1.0 >= 1.0.0"
Package apertium-1.0 was not found in the pkg-config search path.
Perhaps you should add the directory containing `apertium-1.0.pc'
to the PKG_CONFIG_PATH environment variable
No package 'apertium-1.0' found
configure:2411: $? = 1
configure:2425: result: no
No package 'apertium-1.0' found
configure:2444: checking for APERTIUM
configure:2451: $PKG_CONFIG --exists --print-errors "apertium-2.0 >= 2.0.0"
Package apertium-2.0 was not found in the pkg-config search path.
Perhaps you should add the directory containing `apertium-2.0.pc'
to the PKG_CONFIG_PATH environment variable
No package 'apertium-2.0' found
configure:2454: $? = 1
configure:2468: $PKG_CONFIG --exists --print-errors "apertium-2.0 >= 2.0.0"
Package apertium-2.0 was not found in the pkg-config search path.
Perhaps you should add the directory containing `apertium-2.0.pc'
to the PKG_CONFIG_PATH environment variable
No package 'apertium-2.0' found
configure:2471: $? = 1
configure:2485: result: no
No package 'apertium-2.0' found
configure:2504: checking for APERTIUM
configure:2511: $PKG_CONFIG --exists --print-errors "apertium-3.0 >= 3.0.0"
Package apertium-3.0 was not found in the pkg-config search path.
Perhaps you should add the directory containing `apertium-3.0.pc'
to the PKG_CONFIG_PATH environment variable
No package 'apertium-3.0' found
configure:2514: $? = 1
configure:2528: $PKG_CONFIG --exists --print-errors "apertium-3.0 >= 3.0.0"
Package apertium-3.0 was not found in the pkg-config search path.
Perhaps you should add the directory containing `apertium-3.0.pc'
to the PKG_CONFIG_PATH environment variable
No package 'apertium-3.0' found
configure:2531: $? = 1
configure:2545: result: no
No package 'apertium-3.0' found
configure:2564: checking for APERTIUM
configure:2571: $PKG_CONFIG --exists --print-errors "apertium-3.1 >= 3.1.0"
Package apertium-3.1 was not found in the pkg-config search path.
Perhaps you should add the directory containing `apertium-3.1.pc'
to the PKG_CONFIG_PATH environment variable
No package 'apertium-3.1' found
configure:2574: $? = 1
configure:2588: $PKG_CONFIG --exists --print-errors "apertium-3.1 >= 3.1.0"
Package apertium-3.1 was not found in the pkg-config search path.
Perhaps you should add the directory containing `apertium-3.1.pc'
to the PKG_CONFIG_PATH environment variable
No package 'apertium-3.1' found
configure:2591: $? = 1
configure:2605: result: no
No package 'apertium-3.1' found
configure:2624: checking for APERTIUM
configure:2631: $PKG_CONFIG --exists --print-errors "apertium-3.2 >= 3.2.0"
configure:2634: $? = 0
configure:2648: $PKG_CONFIG --exists --print-errors "apertium-3.2 >= 3.2.0"
configure:2651: $? = 0
configure:2709: result: yes
configure:5111: creating ./config.status

## ---------------------- ##
## Running config.status. ##
## ---------------------- ##

This file was extended by apertium-es-ca config.status 1.2.1, which was
generated by GNU Autoconf 2.68.  Invocation command line was

  CONFIG_FILES    = 
  CONFIG_HEADERS  = 
  CONFIG_LINKS    = 
  CONFIG_COMMANDS = 
  $ ./config.status 

on elcampello

config.status:824: creating Makefile
config.status:824: creating config
config.status:1005: config is unchanged

## ---------------- ##
## Cache variables. ##
## ---------------- ##

ac_cv_env_APERTIUM_CFLAGS_set=
ac_cv_env_APERTIUM_CFLAGS_value=
ac_cv_env_APERTIUM_LIBS_set=
ac_cv_env_APERTIUM_LIBS_value=
ac_cv_env_PKG_CONFIG_LIBDIR_set=
ac_cv_env_PKG_CONFIG_LIBDIR_value=
ac_cv_env_PKG_CONFIG_PATH_set=
ac_cv_env_PKG_CONFIG_PATH_value=
ac_cv_env_PKG_CONFIG_set=
ac_cv_env_PKG_CONFIG_value=
ac_cv_env_build_alias_set=
ac_cv_env_build_alias_value=
ac_cv_env_host_alias_set=
ac_cv_env_host_alias_value=
ac_cv_env_target_alias_set=
ac_cv_env_target_alias_value=
ac_cv_path_ac_pt_PKG_CONFIG=/usr/bin/pkg-config
ac_cv_path_install='/usr/bin/install -c'
ac_cv_path_mkdir=/bin/mkdir
ac_cv_prog_AWK=gawk
ac_cv_prog_make_make_set=yes
pkg_cv_APERTIUM_CFLAGS='-I/usr/local/include/apertium-3.2 -I/usr/local/lib/apertium-3.2/include -I/usr/local/include/lttoolbox-3.2 -I/usr/local/lib/lttoolbox-3.2/include -I/usr/include/libxml2  '
pkg_cv_APERTIUM_LIBS='-L/usr/local/lib -lapertium3 -llttoolbox3 -lxml2 -lpcre  '

## ----------------- ##
## Output variables. ##
## ----------------- ##

ACLOCAL='${SHELL} /home/miquel/Projects/DictionaryAnalyser/toy_example/apertium-es-ca/missing --run aclocal-1.11'
AMTAR='$${TAR-tar}'
APERTIUM_CFLAGS='-I/usr/local/include/apertium-3.2 -I/usr/local/lib/apertium-3.2/include -I/usr/local/include/lttoolbox-3.2 -I/usr/local/lib/lttoolbox-3.2/include -I/usr/include/libxml2  '
APERTIUM_LIBS='-L/usr/local/lib -lapertium3 -llttoolbox3 -lxml2 -lpcre  '
APERTIUM_VER='32'
AUTOCONF='${SHELL} /home/miquel/Projects/DictionaryAnalyser/toy_example/apertium-es-ca/missing --run autoconf'
AUTOHEADER='${SHELL} /home/miquel/Projects/DictionaryAnalyser/toy_example/apertium-es-ca/missing --run autoheader'
AUTOMAKE='${SHELL} /home/miquel/Projects/DictionaryAnalyser/toy_example/apertium-es-ca/missing --run automake-1.11'
AWK='gawk'
CYGPATH_W='echo'
DEFS='-DHAVE_CONFIG_H'
ECHO_C=''
ECHO_N='-n'
ECHO_T=''
INSTALL_DATA='${INSTALL} -m 644'
INSTALL_PROGRAM='${INSTALL}'
INSTALL_SCRIPT='${INSTALL}'
INSTALL_STRIP_PROGRAM='$(install_sh) -c -s'
LIBOBJS=''
LIBS=''
LN_S='ln -s'
LTLIBOBJS=''
MAKEINFO='${SHELL} /home/miquel/Projects/DictionaryAnalyser/toy_example/apertium-es-ca/missing --run makeinfo'
MKDIR_P='/bin/mkdir -p'
MODES='modes'
PACKAGE='apertium-es-ca'
PACKAGE_BUGREPORT='sortiz@users.sourceforge.net'
PACKAGE_NAME='apertium-es-ca'
PACKAGE_STRING='apertium-es-ca 1.2.1'
PACKAGE_TARNAME='apertium-es-ca'
PACKAGE_URL=''
PACKAGE_VERSION='1.2.1'
PATH_SEPARATOR=':'
PKG_CONFIG='/usr/bin/pkg-config'
PKG_CONFIG_LIBDIR=''
PKG_CONFIG_PATH=''
SET_MAKE=''
SHELL='/bin/bash'
STRIP=''
VERSION='1.2.1'
am__isrc=''
am__leading_dot='.'
am__tar='$${TAR-tar} chof - "$$tardir"'
am__untar='$${TAR-tar} xf -'
bindir='${exec_prefix}/bin'
build_alias=''
datadir='${datarootdir}'
datarootdir='${prefix}/share'
docdir='${datarootdir}/doc/${PACKAGE_TARNAME}'
dvidir='${docdir}'
exec_prefix='${prefix}'
host_alias=''
htmldir='${docdir}'
includedir='${prefix}/include'
infodir='${datarootdir}/info'
install_sh='${SHELL} /home/miquel/Projects/DictionaryAnalyser/toy_example/apertium-es-ca/install-sh'
libdir='${exec_prefix}/lib'
libexecdir='${exec_prefix}/libexec'
localedir='${datarootdir}/locale'
localstatedir='${prefix}/var'
mandir='${datarootdir}/man'
mkdir_p='/bin/mkdir -p'
oldincludedir='/usr/include'
pdfdir='${docdir}'
prefix='/usr/local'
program_transform_name='s,x,x,'
psdir='${docdir}'
sbindir='${exec_prefix}/sbin'
sharedstatedir='${prefix}/com'
sysconfdir='${prefix}/etc'
target_alias=''

## ----------- ##
## confdefs.h. ##
## ----------- ##

/* confdefs.h */
#define PACKAGE_NAME "apertium-es-ca"
#define PACKAGE_TARNAME "apertium-es-ca"
#define PACKAGE_VERSION "1.2.1"
#define PACKAGE_STRING "apertium-es-ca 1.2.1"
#define PACKAGE_BUGREPORT "sortiz@users.sourceforge.net"
#define PACKAGE_URL ""

configure: exit 0
